Using pre-set license
Built from '2020.3/staging' branch; Version is '2020.3.9f1 (108be757e447) revision 1084391'; Using compiler version '192528614'; Build Type 'Release'
OS: 'Windows 10 Home; OS build 19043.1110; Version 2009; 64bit' Language: 'en' Physical Memory: 16337 MB
BatchMode: 1, IsHumanControllingUs: 0, StartBugReporterOnCrash: 0, Is64bit: 1, IsPro: 0

 COMMAND LINE ARGUMENTS:
C:\Program Files\Unity\Hub\Editor\2020.3.9f1\Editor\Unity.exe
-adb2
-batchMode
-noUpm
-name
AssetImportWorker0
-projectPath
C:/SAE/GAD181 - Project/GAD174-Staging
-logFile
Logs/AssetImportWorker0.log
-srvPort
54008
Successfully changed project path to: C:/SAE/GAD181 - Project/GAD174-Staging
C:/SAE/GAD181 - Project/GAD174-Staging
Using Asset Import Pipeline V2.
Refreshing native plugins compatible for Editor in 105.43 ms, found 0 plugins.
Preloading 0 native plugins for Editor in 0.00 ms.
Initialize engine version: 2020.3.9f1 (108be757e447)
[Subsystems] Discovering subsystems at path C:/Program Files/Unity/Hub/Editor/2020.3.9f1/Editor/Data/Resources/UnitySubsystems
[Subsystems] Discovering subsystems at path C:/SAE/GAD181 - Project/GAD174-Staging/Assets
GfxDevice: creating device client; threaded=0
Direct3D:
    Version:  Direct3D 11.0 [level 11.1]
    Renderer: AMD Radeon RX 5700 XT (ID=0x731f)
    Vendor:   
    VRAM:     8152 MB
    Driver:   27.20.14501.28009
Initialize mono
Mono path[0] = 'C:/Program Files/Unity/Hub/Editor/2020.3.9f1/Editor/Data/Managed'
Mono path[1] = 'C:/Program Files/Unity/Hub/Editor/2020.3.9f1/Editor/Data/MonoBleedingEdge/lib/mono/unityjit'
Mono config path = 'C:/Program Files/Unity/Hub/Editor/2020.3.9f1/Editor/Data/MonoBleedingEdge/etc'
Using monoOptions --debugger-agent=transport=dt_socket,embedding=1,server=y,suspend=n,address=127.0.0.1:56212
Begin MonoManager ReloadAssembly
Registering precompiled unity dll's ...
Register platform support module: C:/Program Files/Unity/Hub/Editor/2020.3.9f1/Editor/Data/PlaybackEngines/WebGLSupport/UnityEditor.WebGL.Extensions.dll
Register platform support module: C:/Program Files/Unity/Hub/Editor/2020.3.9f1/Editor/Data/PlaybackEngines/MacStandaloneSupport/UnityEditor.OSXStandalone.Extensions.dll
Register platform support module: C:/Program Files/Unity/Hub/Editor/2020.3.9f1/Editor/Data/PlaybackEngines/WindowsStandaloneSupport/UnityEditor.WindowsStandalone.Extensions.dll
Registered in 0.005505 seconds.
Native extension for WindowsStandalone target not found
Native extension for OSXStandalone target not found
Native extension for WebGL target not found
Refreshing native plugins compatible for Editor in 90.79 ms, found 0 plugins.
Preloading 0 native plugins for Editor in 0.00 ms.
Mono: successfully reloaded assembly
- Completed reload, in  1.505 seconds
Platform modules already initialized, skipping
Registering precompiled user dll's ...
Registered in 0.003397 seconds.
Begin MonoManager ReloadAssembly
Native extension for WindowsStandalone target not found
Native extension for OSXStandalone target not found
Native extension for WebGL target not found
Refreshing native plugins compatible for Editor in 97.39 ms, found 0 plugins.
Preloading 0 native plugins for Editor in 0.00 ms.
Mono: successfully reloaded assembly
- Completed reload, in  1.513 seconds
Platform modules already initialized, skipping
========================================================================
Worker process is ready to serve import requests
Launched and connected shader compiler UnityShaderCompiler.exe after 0.10 seconds
Refreshing native plugins compatible for Editor in 0.86 ms, found 0 plugins.
Preloading 0 native plugins for Editor in 0.00 ms.
Unloading 3342 Unused Serialized files (Serialized files now loaded: 0)
System memory in use before: 164.0 MB.
System memory in use after: 164.2 MB.

Unloading 10 unused Assets to reduce memory usage. Loaded Objects now: 3800.
Total: 3.686700 ms (FindLiveObjects: 0.588800 ms CreateObjectMapping: 0.541600 ms MarkObjects: 2.487500 ms  DeleteObjects: 0.067300 ms)

========================================================================
Received Import Request.
  path: Assets/Rendering/HDRPDefaultResources/DefaultSettingsVolumeProfile.asset
  artifactKey: Guid(af13427404038f649af6fbb1deeef10a) Importer(815301076,1909f56bfc062723c751e8b465ee728b)
Start importing Assets/Rendering/HDRPDefaultResources/DefaultSettingsVolumeProfile.asset using Guid(af13427404038f649af6fbb1deeef10a) Importer(815301076,1909f56bfc062723c751e8b465ee728b)  -> (artifact id: '253b2a9a06d8260927001fe09400c9d4') in 0.054233 seconds
  Import took 0.061190 seconds .

========================================================================
Received Import Request.
  Time since last request: 138.956767 seconds.
  path: Assets/Rendering/HDRPDefaultResources/DefaultSettingsVolumeProfile.asset
  artifactKey: Guid(af13427404038f649af6fbb1deeef10a) Importer(815301076,1909f56bfc062723c751e8b465ee728b)
Start importing Assets/Rendering/HDRPDefaultResources/DefaultSettingsVolumeProfile.asset using Guid(af13427404038f649af6fbb1deeef10a) Importer(815301076,1909f56bfc062723c751e8b465ee728b)  -> (artifact id: '22e1a5720a42dd97be945b8e4e3fc8e7') in 0.011817 seconds
  Import took 0.019851 seconds .

========================================================================
Received Import Request.
  Time since last request: 0.017723 seconds.
  path: Assets/Rendering/HDRPDefaultResources/DefaultSettingsVolumeProfile.asset
  artifactKey: Guid(af13427404038f649af6fbb1deeef10a) Importer(815301076,1909f56bfc062723c751e8b465ee728b)
Start importing Assets/Rendering/HDRPDefaultResources/DefaultSettingsVolumeProfile.asset using Guid(af13427404038f649af6fbb1deeef10a) Importer(815301076,1909f56bfc062723c751e8b465ee728b)  -> (artifact id: '22e1a5720a42dd97be945b8e4e3fc8e7') in 0.004425 seconds
  Import took 0.011841 seconds .

========================================================================
Received Import Request.
  Time since last request: 310.212373 seconds.
  path: Assets/New Terrain.asset
  artifactKey: Guid(42d561c1b4f15094b983a7bd1d912141) Importer(815301076,1909f56bfc062723c751e8b465ee728b)
Start importing Assets/New Terrain.asset using Guid(42d561c1b4f15094b983a7bd1d912141) Importer(815301076,1909f56bfc062723c751e8b465ee728b)  -> (artifact id: '63482d3e3bc0083868828120b7c69c35') in 0.036454 seconds
  Import took 0.049321 seconds .

AssetImportWorkerClient::OnTransportError - code=2 error=End of file
